
> @oceanview/server@0.0.1 dev /Users/ricky/Dropbox/Apps/OceanView-v2/packages/server
> tsx watch src/index.ts

[2025-06-01 20:22:50] [oceanview] [32minfo[39m: HyperTrades configured with symbols: bitcoin {
  "context": "server"
}
[hypertrades] Using strategy version: default ID: 1
[hypertrades] Creating agent for bitcoin
[2025-06-01 20:22:50] [oceanview] [32minfo[39m: Initialized strategies for bitcoin: SMCReversal {
  "context": "assetAgent"
}
Loaded starting equity from DB: 10000
Loaded starting equity from DB: 10000
Loaded risk limits from DB: maxDailyLoss=undefined, maxOpenRisk=undefined
Loaded risk limits from DB: maxDailyLoss=undefined, maxOpenRisk=undefined
[2025-06-01 20:22:50] [oceanview] [32minfo[39m: Starting Multi-Asset HyperTrades bot with symbols: bitcoin {
  "context": "server"
}
[2025-06-01 20:22:50] [oceanview] [32minfo[39m: Gatekeeper using existing model ./ml/gatekeeper_v1.onnx, threshold 0.55 {
  "context": "server"
}
[2025-06-01 20:22:50] [oceanview] [32minfo[39m: Portfolio loaded starting equity from DB: 10000 {
  "context": "server"
}
Failed to record heartbeat: Cannot read properties of undefined (reading 'create')
[heartbeat] Service initialized, recording every 5 minutes
[cron] Daily health check scheduled for 07:00 UTC
[2025-06-01 20:22:50] [oceanview] [32minfo[39m: Multi-Asset HyperTrades bot started in background {
  "context": "server"
}
[2025-06-01T10:22:50.114Z] Multi-Asset HyperTrades bot starting up...
[2025-06-01T10:22:50.114Z] HyperTrades loaded config for symbols: bitcoin
[2025-06-01 20:22:50] [oceanview] [31merror[39m: HyperTrades bot error: {
  "error": {},
  "context": "server"
}
{"level":30,"time":1748773370138,"pid":59862,"hostname":"The-Dream-Machine.local","msg":"Server listening at http://0.0.0.0:3334"}
[2025-06-01 20:22:50] [oceanview] [32minfo[39m: Server started on port 3334 {
  "context": "server"
}
[2025-06-01 20:22:50] [oceanview] [31merror[39m: Error loading RL model: {
  "error": {},
  "context": "gatekeeper"
}
[20:23:05.111] [32mINFO[39m (59862): [36mAttempting to fetch from CoinGecko...[39m
[20:23:05.111] [32mINFO[39m (59862): [36mFetching from coingecko: https://api.coingecko.com/api/v3/simple/price?ids=bitcoin,ethereum,solana,avalanche-2&vs_currencies=usd[39m
[20:23:05.461] [32mINFO[39m (59862): [36mCoinGecko raw response data: {"avalanche-2":{"usd":20.38},"bitcoin":{"usd":104026},"ethereum":{"usd":2493.55},"solana":{"usd":151.62}}[39m
[20:23:05.461] [32mINFO[39m (59862): [36mCoinGecko data: {"avalanche-2":{"usd":20.38},"bitcoin":{"usd":104026},"ethereum":{"usd":2493.55},"solana":{"usd":151.62}}[39m
[20:23:05.461] [32mINFO[39m (59862): [36mProcessing price for bitcoin: 104026[39m
[20:23:05.461] [32mINFO[39m (59862): [36mProcessing price for ethereum: 2493.55[39m
[20:23:05.461] [32mINFO[39m (59862): [36mProcessing price for solana: 151.62[39m
[20:23:05.461] [32mINFO[39m (59862): [36mProcessing price for avalanche-2: 20.38[39m
[20:23:05.461] [32mINFO[39m (59862): [36mRedis pipeline commands prepared for execution[39m
[20:23:05.462] [32mINFO[39m (59862): [36mPublishing to WebSocket channel: {"ts":"2025-06-01T10:23:00.000Z","prices":{"avalanche-2":{"usd":20.38},"bitcoin":{"usd":104026},"ethereum":{"usd":2493.55},"solana":{"usd":151.62}}}[39m
 ELIFECYCLE  Command failed.
