
> @oceanview/server@0.0.1 dev /Users/ricky/Dropbox/Apps/OceanView-v2/packages/server
> tsx watch src/index.ts

[2025-06-01 20:19:19] [oceanview] [32minfo[39m: HyperTrades configured with symbols: bitcoin {
  "context": "server"
}
[hypertrades] init error: TypeError: Cannot destructure property 'botId' of 'workerData' as it is null.
    at init (/Users/ricky/Dropbox/Apps/OceanView-v2/packages/server/src/botRunner/workers/hypertrades.ts:29:11)
[2025-06-01 20:19:19] [oceanview] [32minfo[39m: Starting Multi-Asset HyperTrades bot with symbols: bitcoin {
  "context": "server"
}
[2025-06-01 20:19:19] [oceanview] [32minfo[39m: Gatekeeper using existing model ./ml/gatekeeper_v1.onnx, threshold 0.55 {
  "context": "server"
}
[2025-06-01 20:19:19] [oceanview] [32minfo[39m: Portfolio loaded starting equity from DB: 10000 {
  "context": "server"
}
Failed to record heartbeat: Cannot read properties of undefined (reading 'create')
[heartbeat] Service initialized, recording every 5 minutes
[cron] Daily health check scheduled for 07:00 UTC
[2025-06-01 20:19:19] [oceanview] [32minfo[39m: Multi-Asset HyperTrades bot started in background {
  "context": "server"
}
[2025-06-01T10:19:19.966Z] Multi-Asset HyperTrades bot starting up...
[2025-06-01T10:19:19.967Z] HyperTrades loaded config for symbols: bitcoin
[2025-06-01 20:19:19] [oceanview] [31merror[39m: HyperTrades bot error: {
  "error": {},
  "context": "server"
}
{"level":30,"time":1748773159997,"pid":59615,"hostname":"The-Dream-Machine.local","msg":"Server listening at http://0.0.0.0:3334"}
[2025-06-01 20:19:19] [oceanview] [32minfo[39m: Server started on port 3334 {
  "context": "server"
}
[20:19:34.961] [32mINFO[39m (59615): [36mAttempting to fetch from CoinGecko...[39m
[20:19:34.962] [32mINFO[39m (59615): [36mFetching from coingecko: https://api.coingecko.com/api/v3/simple/price?ids=bitcoin,ethereum,solana,avalanche-2&vs_currencies=usd[39m
[20:19:35.424] [32mINFO[39m (59615): [36mCoinGecko raw response data: {"avalanche-2":{"usd":20.39},"bitcoin":{"usd":104021},"ethereum":{"usd":2492.48},"solana":{"usd":151.6}}[39m
[20:19:35.424] [32mINFO[39m (59615): [36mCoinGecko data: {"avalanche-2":{"usd":20.39},"bitcoin":{"usd":104021},"ethereum":{"usd":2492.48},"solana":{"usd":151.6}}[39m
[20:19:35.424] [32mINFO[39m (59615): [36mProcessing price for bitcoin: 104021[39m
[20:19:35.424] [32mINFO[39m (59615): [36mProcessing price for ethereum: 2492.48[39m
[20:19:35.424] [32mINFO[39m (59615): [36mProcessing price for solana: 151.6[39m
[20:19:35.424] [32mINFO[39m (59615): [36mProcessing price for avalanche-2: 20.39[39m
[20:19:35.424] [32mINFO[39m (59615): [36mRedis pipeline commands prepared for execution[39m
[20:19:35.425] [32mINFO[39m (59615): [36mPublishing to WebSocket channel: {"ts":"2025-06-01T10:19:00.000Z","prices":{"avalanche-2":{"usd":20.39},"bitcoin":{"usd":104021},"ethereum":{"usd":2492.48},"solana":{"usd":151.6}}}[39m
[20:19:49.962] [32mINFO[39m (59615): [36mUsing cached data from 15s ago[39m
[20:19:49.962] [32mINFO[39m (59615): [36mProcessing price for bitcoin: 104021[39m
[20:19:49.962] [32mINFO[39m (59615): [36mProcessing price for ethereum: 2492.48[39m
[20:19:49.962] [32mINFO[39m (59615): [36mProcessing price for solana: 151.6[39m
[20:19:49.962] [32mINFO[39m (59615): [36mProcessing price for avalanche-2: 20.39[39m
[20:19:49.962] [32mINFO[39m (59615): [36mRedis pipeline commands prepared for execution[39m
[20:19:49.963] [32mINFO[39m (59615): [36mPublishing to WebSocket channel: {"ts":"2025-06-01T10:19:00.000Z","prices":{"avalanche-2":{"usd":20.39},"bitcoin":{"usd":104021},"ethereum":{"usd":2492.48},"solana":{"usd":151.6}}}[39m
[20:20:04.963] [32mINFO[39m (59615): [36mUsing cached data from 30s ago[39m
[20:20:04.963] [32mINFO[39m (59615): [36mProcessing price for bitcoin: 104021[39m
[20:20:04.964] [32mINFO[39m (59615): [36mProcessing price for ethereum: 2492.48[39m
[20:20:04.964] [32mINFO[39m (59615): [36mProcessing price for solana: 151.6[39m
[20:20:04.964] [32mINFO[39m (59615): [36mProcessing price for avalanche-2: 20.39[39m
[20:20:04.964] [32mINFO[39m (59615): [36mRedis pipeline commands prepared for execution[39m
[20:20:04.965] [32mINFO[39m (59615): [36mPublishing to WebSocket channel: {"ts":"2025-06-01T10:20:00.000Z","prices":{"avalanche-2":{"usd":20.39},"bitcoin":{"usd":104021},"ethereum":{"usd":2492.48},"solana":{"usd":151.6}}}[39m
[20:20:19.964] [32mINFO[39m (59615): [36mUsing cached data from 45s ago[39m
[20:20:19.964] [32mINFO[39m (59615): [36mProcessing price for bitcoin: 104021[39m
[20:20:19.965] [32mINFO[39m (59615): [36mProcessing price for ethereum: 2492.48[39m
[20:20:19.965] [32mINFO[39m (59615): [36mProcessing price for solana: 151.6[39m
[20:20:19.965] [32mINFO[39m (59615): [36mProcessing price for avalanche-2: 20.39[39m
[20:20:19.965] [32mINFO[39m (59615): [36mRedis pipeline commands prepared for execution[39m
[20:20:19.965] [32mINFO[39m (59615): [36mPublishing to WebSocket channel: {"ts":"2025-06-01T10:20:00.000Z","prices":{"avalanche-2":{"usd":20.39},"bitcoin":{"usd":104021},"ethereum":{"usd":2492.48},"solana":{"usd":151.6}}}[39m
[20:20:34.966] [32mINFO[39m (59615): [36mAttempting to fetch from CoinGecko...[39m
[20:20:34.966] [32mINFO[39m (59615): [36mFetching from coingecko: https://api.coingecko.com/api/v3/simple/price?ids=bitcoin,ethereum,solana,avalanche-2&vs_currencies=usd[39m
[20:20:35.058] [32mINFO[39m (59615): [36mCoinGecko raw response data: {"avalanche-2":{"usd":20.39},"bitcoin":{"usd":104021},"ethereum":{"usd":2492.48},"solana":{"usd":151.6}}[39m
[20:20:35.058] [32mINFO[39m (59615): [36mCoinGecko data: {"avalanche-2":{"usd":20.39},"bitcoin":{"usd":104021},"ethereum":{"usd":2492.48},"solana":{"usd":151.6}}[39m
[20:20:35.060] [32mINFO[39m (59615): [36mProcessing price for bitcoin: 104021[39m
[20:20:35.060] [32mINFO[39m (59615): [36mProcessing price for ethereum: 2492.48[39m
[20:20:35.060] [32mINFO[39m (59615): [36mProcessing price for solana: 151.6[39m
[20:20:35.060] [32mINFO[39m (59615): [36mProcessing price for avalanche-2: 20.39[39m
[20:20:35.060] [32mINFO[39m (59615): [36mRedis pipeline commands prepared for execution[39m
[20:20:35.060] [32mINFO[39m (59615): [36mPublishing to WebSocket channel: {"ts":"2025-06-01T10:20:00.000Z","prices":{"avalanche-2":{"usd":20.39},"bitcoin":{"usd":104021},"ethereum":{"usd":2492.48},"solana":{"usd":151.6}}}[39m
[20:20:49.967] [32mINFO[39m (59615): [36mUsing cached data from 15s ago[39m
[20:20:49.967] [32mINFO[39m (59615): [36mProcessing price for bitcoin: 104021[39m
[20:20:49.968] [32mINFO[39m (59615): [36mProcessing price for ethereum: 2492.48[39m
[20:20:49.968] [32mINFO[39m (59615): [36mProcessing price for solana: 151.6[39m
[20:20:49.968] [32mINFO[39m (59615): [36mProcessing price for avalanche-2: 20.39[39m
[20:20:49.968] [32mINFO[39m (59615): [36mRedis pipeline commands prepared for execution[39m
[20:20:49.968] [32mINFO[39m (59615): [36mPublishing to WebSocket channel: {"ts":"2025-06-01T10:20:00.000Z","prices":{"avalanche-2":{"usd":20.39},"bitcoin":{"usd":104021},"ethereum":{"usd":2492.48},"solana":{"usd":151.6}}}[39m
[20:21:04.969] [32mINFO[39m (59615): [36mUsing cached data from 30s ago[39m
[20:21:04.970] [32mINFO[39m (59615): [36mProcessing price for bitcoin: 104021[39m
[20:21:04.970] [32mINFO[39m (59615): [36mProcessing price for ethereum: 2492.48[39m
[20:21:04.970] [32mINFO[39m (59615): [36mProcessing price for solana: 151.6[39m
[20:21:04.970] [32mINFO[39m (59615): [36mProcessing price for avalanche-2: 20.39[39m
[20:21:04.970] [32mINFO[39m (59615): [36mRedis pipeline commands prepared for execution[39m
[20:21:04.971] [32mINFO[39m (59615): [36mPublishing to WebSocket channel: {"ts":"2025-06-01T10:21:00.000Z","prices":{"avalanche-2":{"usd":20.39},"bitcoin":{"usd":104021},"ethereum":{"usd":2492.48},"solana":{"usd":151.6}}}[39m
[20:21:19.970] [32mINFO[39m (59615): [36mUsing cached data from 45s ago[39m
[20:21:19.972] [32mINFO[39m (59615): [36mProcessing price for bitcoin: 104021[39m
[20:21:19.972] [32mINFO[39m (59615): [36mProcessing price for ethereum: 2492.48[39m
[20:21:19.972] [32mINFO[39m (59615): [36mProcessing price for solana: 151.6[39m
[20:21:19.972] [32mINFO[39m (59615): [36mProcessing price for avalanche-2: 20.39[39m
[20:21:19.972] [32mINFO[39m (59615): [36mRedis pipeline commands prepared for execution[39m
[20:21:19.973] [32mINFO[39m (59615): [36mPublishing to WebSocket channel: {"ts":"2025-06-01T10:21:00.000Z","prices":{"avalanche-2":{"usd":20.39},"bitcoin":{"usd":104021},"ethereum":{"usd":2492.48},"solana":{"usd":151.6}}}[39m
[20:21:34.972] [32mINFO[39m (59615): [36mAttempting to fetch from CoinGecko...[39m
[20:21:34.972] [32mINFO[39m (59615): [36mFetching from coingecko: https://api.coingecko.com/api/v3/simple/price?ids=bitcoin,ethereum,solana,avalanche-2&vs_currencies=usd[39m
[20:21:35.280] [32mINFO[39m (59615): [36mCoinGecko raw response data: {"avalanche-2":{"usd":20.39},"bitcoin":{"usd":104022},"ethereum":{"usd":2493.32},"solana":{"usd":151.61}}[39m
[20:21:35.280] [32mINFO[39m (59615): [36mCoinGecko data: {"avalanche-2":{"usd":20.39},"bitcoin":{"usd":104022},"ethereum":{"usd":2493.32},"solana":{"usd":151.61}}[39m
[20:21:35.280] [32mINFO[39m (59615): [36mProcessing price for bitcoin: 104022[39m
[20:21:35.281] [32mINFO[39m (59615): [36mProcessing price for ethereum: 2493.32[39m
[20:21:35.281] [32mINFO[39m (59615): [36mProcessing price for solana: 151.61[39m
[20:21:35.281] [32mINFO[39m (59615): [36mProcessing price for avalanche-2: 20.39[39m
[20:21:35.281] [32mINFO[39m (59615): [36mRedis pipeline commands prepared for execution[39m
[20:21:35.281] [32mINFO[39m (59615): [36mPublishing to WebSocket channel: {"ts":"2025-06-01T10:21:00.000Z","prices":{"avalanche-2":{"usd":20.39},"bitcoin":{"usd":104022},"ethereum":{"usd":2493.32},"solana":{"usd":151.61}}}[39m
[20:21:49.973] [32mINFO[39m (59615): [36mUsing cached data from 15s ago[39m
[20:21:49.973] [32mINFO[39m (59615): [36mProcessing price for bitcoin: 104022[39m
[20:21:49.973] [32mINFO[39m (59615): [36mProcessing price for ethereum: 2493.32[39m
[20:21:49.973] [32mINFO[39m (59615): [36mProcessing price for solana: 151.61[39m
[20:21:49.973] [32mINFO[39m (59615): [36mProcessing price for avalanche-2: 20.39[39m
[20:21:49.973] [32mINFO[39m (59615): [36mRedis pipeline commands prepared for execution[39m
[20:21:49.974] [32mINFO[39m (59615): [36mPublishing to WebSocket channel: {"ts":"2025-06-01T10:21:00.000Z","prices":{"avalanche-2":{"usd":20.39},"bitcoin":{"usd":104022},"ethereum":{"usd":2493.32},"solana":{"usd":151.61}}}[39m
[20:22:04.973] [32mINFO[39m (59615): [36mUsing cached data from 30s ago[39m
[20:22:04.974] [32mINFO[39m (59615): [36mProcessing price for bitcoin: 104022[39m
[20:22:04.974] [32mINFO[39m (59615): [36mProcessing price for ethereum: 2493.32[39m
[20:22:04.974] [32mINFO[39m (59615): [36mProcessing price for solana: 151.61[39m
[20:22:04.974] [32mINFO[39m (59615): [36mProcessing price for avalanche-2: 20.39[39m
[20:22:04.974] [32mINFO[39m (59615): [36mRedis pipeline commands prepared for execution[39m
[20:22:04.974] [32mINFO[39m (59615): [36mPublishing to WebSocket channel: {"ts":"2025-06-01T10:22:00.000Z","prices":{"avalanche-2":{"usd":20.39},"bitcoin":{"usd":104022},"ethereum":{"usd":2493.32},"solana":{"usd":151.61}}}[39m
 ELIFECYCLE  Command failed.
