
> @oceanview/server@0.0.1 dev /Users/ricky/Dropbox/Apps/OceanView-v2/packages/server
> tsx watch src/index.ts

[2025-06-02 00:10:00] [oceanview] [32minfo[39m: HyperTrades configured with symbols: bitcoin {
  "context": "server"
}
[hypertrades] init error: TypeError: Cannot read properties of undefined (reading 'split')
    at loadConfig (/Users/ricky/Dropbox/Apps/OceanView-v2/packages/server/src/bots/hypertrades/config.ts:53:20)
    at async init (/Users/ricky/Dropbox/Apps/OceanView-v2/packages/server/src/botRunner/workers/hypertrades.ts:28:15)
[2025-06-02 00:10:00] [oceanview] [32minfo[39m: Starting Multi-Asset HyperTrades bot with symbols: bitcoin {
  "context": "server"
}
[2025-06-02 00:10:00] [oceanview] [32minfo[39m: Gatekeeper using existing model ./ml/gatekeeper_v1.onnx {
  "context": "server"
}
[2025-06-02 00:10:00] [oceanview] [32minfo[39m: Loading RL model from ./ml/gatekeeper_v1.onnx {
  "context": "gatekeeper"
}
[2025-06-02 00:10:00] [oceanview] [31merror[39m: Error loading RL model: {
  "error": {},
  "path": "./ml/gatekeeper_v1.onnx",
  "context": "gatekeeper"
}
